<?xml version="1.0" encoding="UTF-8"?>
<!-- Generated by org.testng.reporters.JUnitReportReporter -->
<testsuite hostname="DESKTOP-VL08VGE" failures="0" tests="2" name="com.vandvtechsolution.inetbanking.testcases.HomeTC001" time="4.229" errors="0" timestamp="2022-04-24T08:49:54 IST" skipped="0">
  <testcase classname="com.vandvtechsolution.inetbanking.testcases.HomeTC001" name="verifyLoginFunctionalityTC001" time="2.466"/>
  <system-out/>
  <testcase classname="com.vandvtechsolution.inetbanking.testcases.HomeTC001" name="navigateToEditCustomerPage" time="1.763"/>
  <system-out/>
</testsuite> <!-- com.vandvtechsolution.inetbanking.testcases.HomeTC001 -->
