<?xml version="1.0" encoding="UTF-8"?>
<!-- Generated by org.testng.reporters.JUnitReportReporter -->
<testsuite hostname="DESKTOP-VL08VGE" failures="0" tests="1" name="com.vandvtechsolution.inetbanking.testcases.LoginTC001" time="0.214" errors="0" timestamp="2022-04-23T06:57:07 IST" skipped="0">
  <testcase classname="com.vandvtechsolution.inetbanking.testcases.LoginTC001" name="verifyLoginFunctionalityTC001" time="0.214"/>
  <system-out/>
</testsuite> <!-- com.vandvtechsolution.inetbanking.testcases.LoginTC001 -->
