<?xml version="1.0" encoding="UTF-8"?>
<!-- Generated by org.testng.reporters.JUnitReportReporter -->
<testsuite hostname="DESKTOP-VL08VGE" failures="0" tests="1" name="com.vandvtechsolution.inetbanking.testcases.DemoTest" time="0.016" errors="0" timestamp="2022-04-18T23:23:30 IST" skipped="0">
  <testcase classname="com.vandvtechsolution.inetbanking.testcases.DemoTest" name="test" time="0.016"/>
  <system-out/>
</testsuite> <!-- com.vandvtechsolution.inetbanking.testcases.DemoTest -->
